<?xml version="1.0" encoding="UTF-8"?>
<!-- Generated by org.testng.reporters.JUnitReportReporter -->
<testsuite hostname="DESKTOP-8S195GN" failures="0" tests="3" name="testCases.TC003_LoginDDT" time="26.180" errors="0" timestamp="2025-10-06T17:03:41 IST" skipped="0">
  <testcase classname="testCases.TC003_LoginDDT" name="verifyLoginDDT" time="12.140"/>
  <testcase classname="testCases.TC003_LoginDDT" name="verifyLoginDDT" time="2.458"/>
  <testcase classname="testCases.TC003_LoginDDT" name="verifyLoginDDT" time="11.582"/>
</testsuite> <!-- testCases.TC003_LoginDDT -->
