<?xml version="1.0" encoding="UTF-8"?>
<!-- Generated by org.testng.reporters.JUnitReportReporter -->
<testsuite hostname="DESKTOP-8S195GN" failures="0" tests="1" name="testCases.TC002_LoginTest" time="1.968" errors="0" timestamp="2025-10-16T20:32:23 IST" skipped="0">
  <testcase classname="testCases.TC002_LoginTest" name="verify_login" time="1.968"/>
</testsuite> <!-- testCases.TC002_LoginTest -->
