<?xml version="1.0" encoding="UTF-8"?>
<!-- Generated by org.testng.reporters.JUnitReportReporter -->
<testsuite hostname="DESKTOP-8S195GN" failures="0" tests="1" name="testCases.TC004_ForgotPasswordTest" time="3.254" errors="0" timestamp="2025-10-24T18:58:05 IST" skipped="0">
  <testcase classname="testCases.TC004_ForgotPasswordTest" name="verify_ForgetPassword" time="3.254"/>
</testsuite> <!-- testCases.TC004_ForgotPasswordTest -->
