<?xml version="1.0" encoding="UTF-8"?>
<!-- Generated by org.testng.reporters.JUnitReportReporter -->
<testsuite hostname="DESKTOP-8S195GN" failures="0" tests="3" name="testCases.TC003_LoginDDT" time="25.222" errors="0" timestamp="2025-10-24T18:58:05 IST" skipped="0">
  <testcase classname="testCases.TC003_LoginDDT" name="verifyLoginDDT" time="12.003"/>
  <testcase classname="testCases.TC003_LoginDDT" name="verifyLoginDDT" time="11.041"/>
  <testcase classname="testCases.TC003_LoginDDT" name="verifyLoginDDT" time="2.178"/>
</testsuite> <!-- testCases.TC003_LoginDDT -->
