<?xml version="1.0" encoding="UTF-8"?>
<!-- Generated by org.testng.reporters.JUnitReportReporter -->
<testsuite hostname="DESKTOP-8S195GN" failures="0" tests="1" name="testCases.TC002_LoginTest" time="2.509" errors="0" timestamp="2025-10-16T17:46:53 IST" skipped="0">
  <testcase classname="testCases.TC002_LoginTest" name="verify_login" time="2.509"/>
</testsuite> <!-- testCases.TC002_LoginTest -->
