<?xml version="1.0" encoding="UTF-8"?>
<!-- Generated by org.testng.reporters.JUnitReportReporter -->
<testsuite hostname="DESKTOP-8S195GN" failures="0" tests="1" name="testCases.TC001_AccountRegistrationTest" time="2.889" errors="0" timestamp="2025-10-24T18:58:05 IST" skipped="0">
  <testcase classname="testCases.TC001_AccountRegistrationTest" name="verify_account_registration" time="2.889"/>
</testsuite> <!-- testCases.TC001_AccountRegistrationTest -->
